Copyright 1986-2022 Xilinx, Inc. All Rights Reserved.
------------------------------------------------------------------------------------
| Tool Version : Vivado v.2022.1 (win64) Build 3526262 Mon Apr 18 15:48:16 MDT 2022
| Date         : Thu Jan 19 15:07:38 2023
| Host         : LAPTOP-QCG3VAHI running 64-bit major release  (build 9200)
| Command      : upgrade_ip
| Device       : xc7a100tcsg324-1
------------------------------------------------------------------------------------

Upgrade Log for IP 'design_1_clk_seg_seven_0_0'

1. Summary
----------

SUCCESS in the upgrade of design_1_clk_seg_seven_0_0 (xilinx.com:hls:clk_seg_seven:1.0) from (Rev. 2112863917) to (Rev. 2112864785)






Copyright 1986-2022 Xilinx, Inc. All Rights Reserved.
------------------------------------------------------------------------------------
| Tool Version : Vivado v.2022.1 (win64) Build 3526262 Mon Apr 18 15:48:16 MDT 2022
| Date         : Thu Jan 19 14:56:11 2023
| Host         : LAPTOP-QCG3VAHI running 64-bit major release  (build 9200)
| Command      : upgrade_ip
| Device       : xc7a100tcsg324-1
------------------------------------------------------------------------------------

Upgrade Log for IP 'design_1_seven_seg_0_2'

1. Summary
----------

SUCCESS in the upgrade of design_1_seven_seg_0_2 (xilinx.com:hls:seven_seg:1.0) from (Rev. 2112864738) to (Rev. 2112864773)






Copyright 1986-2022 Xilinx, Inc. All Rights Reserved.
------------------------------------------------------------------------------------
| Tool Version : Vivado v.2022.1 (win64) Build 3526262 Mon Apr 18 15:48:16 MDT 2022
| Date         : Thu Jan 19 14:31:13 2023
| Host         : LAPTOP-QCG3VAHI running 64-bit major release  (build 9200)
| Command      : upgrade_ip
| Device       : xc7a100tcsg324-1
------------------------------------------------------------------------------------

Upgrade Log for IP 'design_1_seven_seg_0_2'

1. Summary
----------

SUCCESS in the upgrade of design_1_seven_seg_0_2 (xilinx.com:hls:seven_seg:1.0) from (Rev. 2112863946) to (Rev. 2112864738)

